<?xml version="1.0" encoding="UTF-8"?>
<!-- Generated by org.testng.reporters.JUnitXMLReporter -->
<testsuite ignored="0" hostname="ip-10-212-0-77.us-west-2.compute.internal" failures="1" tests="2" name="Command line test" time="0.024" errors="0" timestamp="2022-03-31T17:31:01 PET">
  <testcase classname="lab.ManageDemandTest" name="test_AllOrdersFromColombia" time="0.002">
    <failure type="java.lang.AssertionError" message="did not expect to find [7.0] but found [0.0]">
      <![CDATA[java.lang.AssertionError: did not expect to find [7.0] but found [0.0]
at lab.ManageDemandTest.test_AllOrdersFromColombia(ManageDemandTest.java:36)
... Removed 39 stack frames]]>
    </failure>
  </testcase> <!-- test_AllOrdersFromColombia -->
  <testcase classname="lab.ManageDemandTest" name="test_AllOrdersFromPeru" time="0.0"/>
</testsuite> <!-- Command line test -->
