<?xml version="1.0" encoding="UTF-8"?>
<testng-results ignored="0" total="1" passed="1" failed="0" skipped="0">
  <reporter-output>
  </reporter-output>
  <suite started-at="2022-03-31T22:03:12 PET" name="Command line suite" finished-at="2022-03-31T22:03:12 PET" duration-ms="117">
    <groups>
    </groups>
    <test started-at="2022-03-31T22:03:12 PET" name="Command line test" finished-at="2022-03-31T22:03:12 PET" duration-ms="117">
      <class name="lab.ManageDemandTest">
        <test-method is-config="true" signature="setup()[pri:0, instance:lab.ManageDemandTest@12cdcf4]" started-at="2022-03-31T22:03:12 PET" name="setup" finished-at="2022-03-31T22:03:12 PET" duration-ms="57" status="PASS">
          <reporter-output>
          </reporter-output>
        </test-method> <!-- setup -->
        <test-method signature="test_AllOrdersFromPeru()[pri:0, instance:lab.ManageDemandTest@12cdcf4]" started-at="2022-03-31T22:03:12 PET" name="test_AllOrdersFromPeru" finished-at="2022-03-31T22:03:12 PET" duration-ms="13" status="PASS">
          <reporter-output>
          </reporter-output>
        </test-method> <!-- test_AllOrdersFromPeru -->
      </class> <!-- lab.ManageDemandTest -->
    </test> <!-- Command line test -->
  </suite> <!-- Command line suite -->
</testng-results>
